repo_server2019/07/08 23:48:55 repo_serv.go:136: [info] [main] Server starting...
repo_server2019/07/08 23:48:55 repo_serv.go:81: [info] [getRepos] Get repo: main
repo_server2019/07/08 23:48:55 repo_serv.go:81: [info] [getRepos] Get repo: exp
repo_server2019/07/08 23:49:01 repo_serv.go:148: [info] [GET] /get_packages
repo_server2019/07/08 23:49:01 repo_serv.go:98: [info] [getPackages] Check repo: main
repo_server2019/07/08 23:51:23 repo_serv.go:136: [info] [main] Server starting...
repo_server2019/07/08 23:51:23 repo_serv.go:81: [info] [getRepos] Get repo: main
repo_server2019/07/08 23:51:23 repo_serv.go:81: [info] [getRepos] Get repo: exp
repo_server2019/07/08 23:51:31 repo_serv.go:148: [info] [GET] /get_packages
repo_server2019/07/08 23:51:31 repo_serv.go:98: [info] [getPackages] Check repo: main
repo_server2019/07/08 23:51:31 repo_serv.go:98: [info] [getPackages] Check repo: exp
repo_server2019/07/08 23:51:37 repo_serv.go:148: [info] [GET] /get_packages
repo_server2019/07/08 23:51:37 repo_serv.go:98: [info] [getPackages] Check repo: main
repo_server2019/07/08 23:51:37 repo_serv.go:98: [info] [getPackages] Check repo: exp
repo_server2019/07/08 23:51:48 repo_serv.go:148: [info] [GET] /get_packages
repo_server2019/07/08 23:51:48 repo_serv.go:98: [info] [getPackages] Check repo: main
repo_server2019/07/08 23:51:48 repo_serv.go:98: [info] [getPackages] Check repo: exp
repo_server2019/07/08 23:53:00 repo_serv.go:148: [info] [GET] /get_packages
repo_server2019/07/08 23:53:00 repo_serv.go:98: [info] [getPackages] Check repo: main
repo_server2019/07/08 23:53:00 repo_serv.go:98: [info] [getPackages] Check repo: exp
repo_server2019/07/08 23:57:15 repo_serv.go:136: [info] [main] Server starting...
repo_server2019/07/08 23:57:15 repo_serv.go:81: [info] [getRepos] Get repo: main
repo_server2019/07/08 23:57:15 repo_serv.go:81: [info] [getRepos] Get repo: exp
repo_server2019/07/08 23:57:33 repo_serv.go:148: [info] [GET] /get_packages
repo_server2019/07/08 23:57:33 repo_serv.go:98: [info] [getPackages] Check repo: main
repo_server2019/07/08 23:57:33 repo_serv.go:98: [info] [getPackages] Check repo: exp
repo_server2019/07/08 23:58:58 repo_serv.go:137: [info] [main] Server starting...
repo_server2019/07/08 23:58:58 repo_serv.go:81: [info] [getRepos] Get repo: main
repo_server2019/07/08 23:58:58 repo_serv.go:81: [info] [getRepos] Get repo: exp
repo_server2019/07/08 23:59:04 repo_serv.go:149: [info] [GET] /get_packages
repo_server2019/07/08 23:59:04 repo_serv.go:98: [info] [getPackages] Check repo: main
repo_server2019/07/08 23:59:05 repo_serv.go:98: [info] [getPackages] Check repo: exp
repo_server2019/07/09 00:06:13 repo_serv.go:137: [info] [main] Server starting...
repo_server2019/07/09 00:06:13 repo_serv.go:81: [info] [getRepos] Get repo: main
repo_server2019/07/09 00:06:13 repo_serv.go:81: [info] [getRepos] Get repo: exp
repo_server2019/07/09 00:06:20 repo_serv.go:149: [info] [GET] /get_packages
repo_server2019/07/09 00:06:20 repo_serv.go:98: [info] [getPackages] Check repo: main
repo_server2019/07/09 00:06:20 repo_serv.go:98: [info] [getPackages] Check repo: exp
repo_server2019/07/09 00:07:00 repo_serv.go:149: [info] [GET] /get_packages
repo_server2019/07/09 00:07:00 repo_serv.go:98: [info] [getPackages] Check repo: main
repo_server2019/07/09 00:07:00 repo_serv.go:98: [info] [getPackages] Check repo: exp
repo_server2019/07/09 00:07:09 repo_serv.go:149: [info] [GET] /get_packages
repo_server2019/07/09 00:07:09 repo_serv.go:98: [info] [getPackages] Check repo: main
repo_server2019/07/09 00:07:09 repo_serv.go:98: [info] [getPackages] Check repo: exp
